0 89 47 48 23 18 76 32 30 19 7 43 22 57 88 28 80 95 78 96 97 75 12 37 49 9 77 36 15 69 2 61 16 56 27 42 54 8 44 53 81 67 64 10 52 38 90 99 83 6 87 29 24 3 93 55 91 20 72 70
0 12
89 80
47 42
47 48
48 15
23 22
23 20
18 75
76 8
76 16
32 87
32 8
30 36
19 12
7 99
43 27
22 88
22 81
57 78
57 72
28 52
28 24
80 29
80 10
95 20
78 53
78 2
96 70
96 90
97 54
97 69
75 70
12 70
37 56
49 77
49 61
9 77
9 55
77 27
36 91
15 81
69 67
2 6
61 10
16 44
56 99
54 20
8 53
8 83
44 99
53 81
81 3
64 29
52 83
38 91
90 87
6 93
29 3
91 72