0 2 3 4 10 12 13 6 7 15 18 21 27 25 19 32 22 33 24 34 35 39 41 42 38 44 45 46 51 49 50 52 61 55 59 58 65 66 63 62 64 67 68 73 70 72 71 76 77 81 88 79 82 85 87 89 86 91 99 90 93 96 97
0 2
2 3
3 4
4 12
4 13
10 6
10 13
12 18
13 21
6 7
15 25
15 27
18 19
18 32
25 24
19 33
19 22
22 24
33 35
33 34
34 39
35 41
39 38
39 42
41 44
44 45
45 46
45 51
51 49
49 50
50 52
52 55
52 61
61 63
55 59
59 58
65 64
65 68
65 67
66 68
63 62
62 64
67 73
73 72
73 77
70 76
70 71
71 77
76 81
77 88
77 79
88 89
79 82
85 87
85 89
87 86
89 99
86 91
91 90
99 97
90 93
96 97