0 11 25 26 27 1 9 12 29 30 2 23 21 32 33 3 24 36 4 6 37 38 5 20 40 41 43 44 7 10 47 48 8 14 22 50 19 53 16 56 58 59 60 17 61 62 63 13 65 66 67 69 15 70 72 75 78 18 80 82 83 86 88 92 95 97 98 99
0 27
0 26
0 25
11 59
11 58
11 60
25 78
26 83
27 65
27 98
1 29
1 30
9 53
12 62
12 61
29 60
30 36
2 33
2 32
23 95
21 88
32 47
3 36
24 98
24 97
4 37
4 38
6 44
6 43
38 97
5 41
5 40
20 86
40 82
40 75
41 63
43 66
44 56
7 48
7 47
10 56
47 53
47 99
48 61
8 50
14 67
14 69
22 92
50 67
19 82
19 83
16 75
56 80
58 72
59 78
17 78
61 63
62 95
13 65
13 66
69 70
15 72
15 70
75 86
18 80
88 95
92 99