1 2 4 5 8 9 12 14 15 16 17 18 19 22 23 25 27 28 29 30 31 33 34 35 36 39 41 42 43 44 45 46 48 50 51 52 53 55 56 57 59 62 64 65 66 67 69 70 71 72 76 78 80 81 83 85 90 94 95 96 98 99
1 2
2 42
4 80
5 95
8 9
8 71
8 39
9 36
12 31
12 64
14 62
14 15
15 56
16 17
16 27
16 96
18 19
18 48
18 33
19 94
22 66
22 98
22 25
23 70
23 85
23 72
27 50
27 28
27 99
28 29
29 67
30 31
31 35
33 42
34 35
34 45
35 52
35 36
41 42
43 69
43 44
44 45
45 57
46 80
48 50
48 76
48 55
51 52
51 70
53 83
53 94
56 80
57 76
59 94
59 90
64 65
65 66
67 81
69 95
71 80
78 83