0 1 2 3 4 5 7 8 9 10 11 12 13 14 15 16 17 18 19 20 21 22 23 24 25 27 28 29 30 31 32 35 38 46 47 48 49 50 51 56 57 59 60 62 63 65 66 68 71 75 76 77 79 80 81 85 87 88 89 92 94
0 3
0 8
1 35
1 24
1 18
1 13
1 27
2 12
2 38
4 21
5 9
5 32
7 17
7 18
7 48
7 47
8 49
8 19
8 50
9 51
9 29
9 18
10 17
11 20
11 22
11 56
12 57
13 59
13 60
13 14
14 62
14 25
15 63
15 25
16 66
16 65
17 68
18 20
19 71
20 30
21 22
21 75
21 76
22 77
23 79
23 28
23 80
24 81
27 88
27 87
28 89
29 31
29 92
30 94
46 48
49 51
57 59
66 68
77 79
85 87