0 2 4 6 8 9 11 12 13 14 15 16 17 18 19 20 21 24 26 29 33 35 37 38 39 40 41 42 43 44 45 46 49 50 54 55 56 57 58 59 60 61 62 63 64 66 67 70 71 72 73 74 75 76 78 79 81 82 84 86 87 89 92 94 95 96 97 98 99
0 63
0 99
0 75
2 13
2 4
4 49
6 15
8 9
8 41
8 98
11 35
11 12
12 56
12 13
12 87
13 14
13 86
14 15
16 17
17 84
18 19
18 50
20 55
20 21
21 62
24 89
26 61
29 37
33 71
33 45
37 38
38 50
39 44
39 84
40 41
40 62
42 73
42 43
43 44
44 45
46 94
49 50
54 76
54 78
55 60
56 57
58 59
58 81
59 92
60 61
63 64
66 82
66 67
70 71
71 79
72 95
72 73
73 74
74 81
78 79
81 82
86 97
89 94
94 95
95 96
96 97
97 98
98 99