0 1 2 5 95 6 7 10 11 12 15 16 17 20 21 22 25 26 27 30 31 32 35 36 37 40 41 42 45 46 47 50 51 52 55 56 57 60 61 62 65 66 67 70 71 72 75 76 77 80 81 82 85 86 87 90 91 92 96 97
0 1
0 5
0 95
1 2
5 6
5 10
95 96
95 90
6 7
10 11
10 15
11 12
15 16
15 20
16 17
20 21
20 25
21 22
25 26
25 30
26 27
30 31
30 35
31 32
35 36
35 40
36 37
40 41
40 45
41 42
45 46
45 50
46 47
50 51
50 55
51 52
55 56
55 60
56 57
60 61
60 65
61 62
65 66
65 70
66 67
70 71
70 75
71 72
75 76
75 80
76 77
80 81
80 85
81 82
85 86
86 87
90 91
91 92
96 97