1 2 3 4 6 8 10 11 12 13 14 16 17 19 21 22 23 24 28 30 32 33 34 35 36 37 41 42 44 46 47 48 52 53 54 55 56 63 64 66 67 68 71 73 74 76 78 79 80 82 83 84 85 87 90 92 93 94 95 98
1 95
2 14
2 71
3 10
3 30
3 33
3 63
4 13
6 90
6 66
8 11
8 34
8 56
10 48
10 44
11 30
12 52
13 73
13 23
13 68
14 53
14 44
16 28
16 84
17 32
17 74
19 79
19 80
21 71
21 76
22 54
22 83
23 46
23 64
23 67
24 42
24 90
32 46
35 36
35 73
36 84
37 68
41 47
42 87
42 92
47 74
52 71
53 90
53 95
54 93
55 79
55 94
56 82
63 83
64 93
66 78
76 80
78 98
85 98