0 27 43 84 77 11 76 18 49 53 41 42 58 63 40 48 3 13 4 26 59 6 78 25 34 61 17 32 35 87 57 88 72 70 29 81 67 91 15 85 19 20 22 10 94 47 73 95 14 80 7 74 69 79 8 83 52 51 37
0 84
0 11
27 26
43 25
84 29
77 51
77 70
11 95
76 4
18 81
18 83
49 42
49 19
49 70
53 87
41 14
41 59
42 59
42 81
58 17
63 78
63 20
40 74
40 19
40 32
48 8
3 10
13 25
13 88
13 67
4 15
4 47
26 70
6 47
78 51
34 95
34 10
61 69
61 74
17 80
32 57
35 14
35 80
35 72
87 88
57 94
88 29
70 85
81 79
67 22
91 52
91 7
15 37
15 20
85 7
22 79
73 8
7 8