0 10 25 26 1 29 30 2 6 31 3 22 23 11 36 4 5 38 19 40 42 16 43 44 45 7 20 47 8 18 49 50 51 9 12 52 54 57 58 59 61 62 13 17 66 14 21 68 70 71 73 75 77 24 80 81 82 83 87 88 90 92 93 94 95 96 97 98
0 26
0 25
10 57
25 87
26 45
26 62
1 29
29 44
30 51
30 88
30 70
2 31
6 43
6 45
6 44
31 40
31 49
3 36
22 92
22 93
23 95
23 96
23 94
11 58
11 59
36 81
4 38
5 42
5 40
38 50
19 82
19 83
42 73
16 73
16 75
44 47
7 47
20 87
8 51
8 50
8 49
18 81
18 80
51 71
9 52
9 54
12 61
12 62
52 96
54 92
57 88
58 97
59 82
59 66
59 75
61 93
13 66
17 77
14 68
21 88
21 90
68 70
77 94
24 97
24 98
80 95
81 83