2 4 5 6 8 10 11 12 14 17 19 20 22 23 24 25 26 27 28 29 30 32 33 37 40 41 42 43 44 45 46 47 50 51 52 53 54 56 58 59 62 64 66 68 69 72 73 74 75 77 79 80 81 82 84 85 87 89 91 93 94 96
2 80
2 44
2 53
4 22
4 64
5 77
5 51
6 51
6 85
8 62
8 40
10 56
10 19
11 33
12 45
12 43
12 77
14 62
14 20
14 59
17 91
19 80
20 89
22 52
23 81
24 62
25 84
25 32
26 33
27 62
28 47
28 30
29 40
30 54
30 37
32 68
33 46
40 72
41 79
42 52
43 81
45 96
46 91
46 84
46 59
50 87
54 82
56 73
58 89
62 94
64 81
66 94
66 93
68 81
69 80
69 75
72 74
73 91
79 82
82 87
87 91