1 2 3 5 7 9 10 14 15 17 20 22 23 24 26 27 28 29 31 32 34 35 37 39 40 42 44 45 46 48 49 50 51 52 54 55 56 57 58 59 61 62 63 65 67 68 70 71 72 73 74 75 76 77 78 79 80 83 84 87 88 93 94 96 99
1 23
2 75
2 96
3 83
3 79
3 49
3 93
5 87
7 94
7 29
9 14
10 57
10 44
14 22
15 46
17 35
17 59
17 32
17 65
20 45
20 67
22 37
22 62
23 70
23 61
24 57
24 61
26 88
26 73
27 78
27 93
28 59
29 75
29 39
31 34
31 46
32 99
34 88
35 63
39 76
40 58
42 68
44 56
45 50
45 52
48 65
48 74
50 68
50 99
51 79
52 62
54 56
54 80
55 87
56 58
58 67
58 87
70 96
71 88
71 79
72 88
73 84
75 83
77 94