81 50 59 3 9 63 2 6 86 53 87 16 68 90 44 58 23 41 95 65 61 37 34 46 21 60 72 0 55 93 28 24 1 79 54 57 48 75 26 32 94 97 47 40 5 56 74 35 27 11 73 69 12 98 10 42 67 83 20 77
81 50
50 32
50 60
50 55
59 67
59 20
3 54
9 93
9 53
63 40
63 11
2 87
2 6
86 65
86 46
87 1
87 28
16 68
68 44
90 58
90 72
44 41
23 75
41 65
95 35
95 42
65 11
65 74
61 56
37 57
37 42
34 1
34 56
34 73
21 93
21 0
60 11
72 94
72 83
0 32
0 26
93 1
93 47
93 97
28 24
28 79
24 5
24 12
1 75
54 48
54 57
94 67
40 35
5 69
74 10
35 20
27 98
12 98
83 77