80 58 14 7 86 94 42 12 36 50 82 59 81 64 0 74 39 48 41 19 89 30 3 28 23 9 37 97 67 33 27 61 10 16 54 60 65 52 8 51 68 71 35 13 66 21 72 15 98 95 17 31 49 96 77 53 75 22 29 46
80 58
80 94
80 82
58 3
58 10
14 61
14 42
14 71
7 19
86 94
86 37
94 27
42 39
42 33
42 96
42 72
12 51
12 30
36 16
50 75
50 53
50 68
82 54
59 89
59 60
81 19
81 64
64 98
64 22
0 74
74 98
74 75
48 13
41 21
41 17
19 30
89 71
3 28
28 8
23 97
23 46
9 37
37 21
37 97
97 49
67 13
67 33
27 65
61 10
16 54
65 52
51 29
51 66
71 22
35 49
13 95
66 77
15 46
31 53