0 9 18 25 26 1 8 20 28 2 24 31 3 4 11 34 36 12 16 23 38 5 15 41 6 14 43 7 46 47 48 17 49 50 51 52 53 10 21 55 56 57 59 13 61 64 66 67 69 70 71 72 73 76 78 19 80 81 82 85 86 87 22 88 89 91 94 97 98
0 26
0 25
9 53
9 52
18 81
18 80
25 59
26 56
1 28
8 51
8 49
8 50
20 87
20 85
20 86
28 76
2 31
24 97
24 98
31 36
31 87
3 34
4 38
11 59
34 55
34 36
12 61
16 73
23 94
38 71
5 41
15 72
15 70
15 71
41 66
6 43
14 67
43 88
7 46
7 47
46 57
47 91
48 57
48 76
17 76
17 78
49 97
50 71
51 78
52 73
53 70
53 64
10 56
10 57
10 55
21 88
21 89
13 64
13 66
61 85
67 69
69 98
70 94
72 81
19 82
80 89
82 86
22 91