0 2 5 54 56 71 78 37 63 70 94 7 10 55 62 15 43 38 50 92 65 98 23 72 9 19 27 44 76 81 11 36 34 75 13 51 61 14 22 41 67 96 18 60 17 21 28 53 82 90 42 73 79 80 25 49 74 31 45 91 57
0 56
2 62
2 55
5 38
54 55
54 18
54 75
54 37
56 27
71 78
71 57
78 61
63 11
63 53
63 49
70 72
70 91
94 79
94 42
7 92
10 81
55 98
62 80
15 96
15 65
43 98
43 73
43 21
38 13
50 73
92 76
23 19
23 25
9 27
9 76
9 19
19 96
27 22
27 74
27 41
44 60
44 51
76 75
81 25
81 31
11 36
36 45
34 42
34 90
13 61
51 14
61 25
14 41
22 79
67 82
96 82
60 91
17 28
28 74
31 45