2 3 4 9 15 19 20 21 27 28 29 32 37 43 44 46 49 53 59 62 64 67 68 69 71 76 79 85 87 88 92 93 94 98 99 16 24 38 39 45 55 61 63 77 78 82 7 8 23 58 95 96 97 5 6 17 25 42 50 90 91 40 86 14
2 21
2 95
3 16
4 55
4 77
9 7
15 71
15 90
19 79
19 25
20 64
20 40
27 17
28 46
28 49
28 76
29 76
29 39
32 92
37 87
37 24
37 44
37 91
43 93
44 17
46 14
46 68
53 64
59 85
62 92
62 38
67 58
68 16
68 88
68 96
69 25
71 82
79 97
85 58
87 23
87 14
88 82
92 95
92 50
93 8
94 78
98 96
98 99
99 6
99 61
38 82
45 40
45 91
55 61
63 86
63 58
78 91
7 8
7 40
97 90
5 6
25 42
91 86