1 2 96 97 98 5 7 8 9 10 11 12 13 14 16 17 18 20 22 23 26 27 29 31 33 34 36 38 39 40 41 42 43 45 48 50 51 53 54 56 57 60 62 64 66 67 68 69 71 72 74 75 76 78 80 82 83 84 86 87 89 90 92 93
1 98
1 97
2 5
2 98
96 93
96 97
5 7
7 8
8 9
9 10
10 12
11 13
11 14
12 13
14 17
16 18
16 17
18 20
20 22
22 23
23 26
26 27
27 29
29 31
31 33
33 34
34 36
36 39
38 39
38 41
40 42
40 43
41 42
43 45
45 48
48 51
48 50
51 53
53 54
54 56
54 57
57 60
60 62
62 64
64 66
66 68
67 68
68 69
69 71
71 74
72 74
74 75
74 76
75 78
78 80
80 82
82 83
82 84
83 86
86 89
87 90
90 92
92 93