2 3 4 6 7 8 9 13 14 16 17 20 21 22 23 26 29 30 31 33 34 35 36 38 39 40 41 42 43 44 45 47 49 51 52 54 57 59 64 66 68 69 73 74 75 76 77 78 80 83 84 87 88 90 92 96 97 98 99
2 3
3 6
4 7
6 9
7 8
8 9
9 14
13 14
14 20
16 23
16 22
17 23
20 21
20 26
22 29
26 33
29 30
29 38
30 39
31 39
33 34
33 41
34 35
35 36
36 44
38 47
39 49
40 49
40 41
41 42
42 52
43 52
44 54
44 45
47 57
49 59
51 52
54 64
59 68
66 74
68 75
69 77
73 74
73 80
74 75
75 76
76 77
76 83
77 78
83 88
83 84
84 90
87 92
88 92
92 96
96 97
97 99
98 99