0 6 25 1 15 2 29 30 14 32 3 19 9 34 35 4 12 38 5 20 40 42 18 10 44 45 7 11 48 8 49 51 52 53 54 23 16 56 57 22 24 58 59 62 63 13 64 21 67 70 74 17 77 79 82 84 86 87 88 89 91 92 93 95 97 99
0 25
6 44
6 45
25 52
1 30
1 29
15 70
2 32
29 59
30 74
14 67
32 57
3 35
3 34
19 82
19 84
9 54
9 52
9 53
34 64
35 54
4 38
12 63
12 62
38 77
38 97
5 42
5 40
20 86
20 87
40 44
42 88
18 79
10 56
10 57
45 84
45 95
7 48
11 58
11 59
48 79
48 74
8 49
8 51
49 70
51 92
53 62
23 95
16 74
56 93
57 99
22 91
22 92
22 93
24 97
24 99
58 86
63 67
13 64
64 77
21 88
21 89
17 77
79 89
82 92