1 4 6 7 9 11 13 14 15 16 17 18 19 20 21 22 27 28 31 32 34 36 37 39 41 43 44 46 47 48 50 52 54 55 58 61 62 63 65 68 70 71 72 73 75 76 77 80 84 86 88 89 90 91 92 93 95 96 99 57
1 68
4 6
4 72
6 16
7 77
7 47
9 22
9 77
11 36
13 39
13 76
14 68
14 31
14 71
14 65
15 20
15 62
15 19
17 95
18 52
19 48
20 22
20 95
21 52
22 93
22 65
22 90
22 55
27 54
27 61
28 84
31 44
32 80
34 80
34 99
36 95
36 50
36 63
37 52
37 93
39 70
41 93
43 93
43 73
46 76
46 71
47 75
50 58
54 86
54 91
55 92
63 57
70 89
72 91
76 91
84 92
88 57
89 96
92 99