0 1 2 3 4 5 6 7 8 9 10 11 12 13 14 15 16 17 19 20 21 22 23 24 25 26 28 29 30 31 32 35 38 39 40 44 45 48 54 56 58 60 62 63 65 66 67 71 72 74 75 77 81 82 84 85 86 88 89 91 92 95
0 30
1 35
1 30
1 5
1 21
2 7
2 8
2 38
3 26
3 40
3 39
3 19
4 5
4 24
5 44
6 29
6 45
7 48
7 25
8 22
9 20
9 22
10 54
10 25
11 56
11 32
12 58
13 60
13 31
13 30
14 62
14 29
15 28
15 63
16 65
16 66
17 67
17 30
19 71
19 72
20 74
21 75
22 28
22 77
23 30
24 82
24 81
25 84
26 85
26 86
28 89
29 91
29 92
31 95
38 40
54 56
58 60
65 67
82 84
86 88
89 91