0 1 11 12 14 19 23 25 27 28 29 32 40 44 47 49 53 54 56 57 6 60 61 62 63 66 69 7 70 75 77 79 80 81 84 85 86 87 89 93 96 97 98 10 13 15 17 31 35 38 43 5 67 71 74 82 41 48 76 92 95 21 4
0 81
0 70
1 49
1 47
11 53
11 23
12 44
12 96
14 43
19 61
19 77
19 89
23 84
23 95
25 5
25 77
27 43
27 35
28 29
28 5
28 43
29 63
32 93
32 60
40 71
44 56
47 54
47 10
47 82
49 87
49 74
49 69
53 21
53 13
54 95
54 62
57 74
6 71
6 76
62 67
66 7
66 5
66 15
69 48
70 79
75 43
79 92
80 82
81 89
85 43
85 41
86 98
87 98
93 96
93 4
97 31
10 76
17 92
31 92
38 95
41 4
92 21