0 10 24 25 27 1 16 23 12 28 2 6 21 18 31 3 13 36 4 38 39 5 9 40 41 42 17 43 7 47 8 50 51 54 55 56 57 11 15 58 61 62 64 14 69 22 70 71 72 74 77 78 80 19 20 82 84 85 87 88 89 92 94 96 98
0 27
0 25
10 56
10 55
10 57
24 98
25 50
27 54
27 74
27 57
1 28
16 74
23 94
23 96
12 61
12 62
28 72
2 31
6 43
21 88
21 89
18 80
31 96
3 36
13 64
36 54
4 38
4 39
38 82
39 87
5 40
5 42
5 41
9 54
40 92
41 47
42 84
17 77
17 78
43 50
7 47
8 51
8 50
51 98
55 69
56 88
11 58
15 72
15 70
15 71
58 78
61 74
62 70
64 72
14 69
22 92
70 87
71 77
71 94
80 94
19 84
19 82
20 85
20 87