0 1 2 3 4 6 7 8 9 10 12 13 14 15 17 19 21 23 27 28 32 33 34 35 36 37 40 41 43 45 47 49 50 51 52 54 55 56 58 61 65 66 69 70 72 73 74 75 78 81 82 83 86 88 89 90 91 93 94 96 99
0 72
1 40
1 51
1 78
1 33
1 50
2 99
3 27
3 33
4 40
4 72
6 40
6 73
6 86
7 35
7 83
7 65
8 47
8 54
8 61
8 66
9 32
10 13
10 19
10 21
12 82
13 28
14 61
15 54
17 43
17 36
19 78
21 23
23 58
28 37
32 69
33 45
33 96
34 61
35 88
35 90
37 94
40 75
41 49
41 88
43 50
49 93
52 81
52 82
55 73
56 83
56 89
58 65
61 70
66 69
70 73
73 81
74 93
90 91
91 99