0 5 13 30 61 73 91 98 1 3 25 26 28 31 35 63 14 29 39 51 10 17 40 45 52 76 46 32 38 48 57 6 11 82 92 7 21 41 8 90 94 20 24 59 60 68 47 49 50 37 62 93 96 27 83 36 53 85 33
0 29
5 32
5 20
5 60
13 51
13 37
13 40
30 45
30 49
61 32
61 57
73 29
91 60
91 3
98 41
98 36
1 63
1 57
3 29
25 76
25 46
26 31
26 93
28 20
28 39
28 90
31 11
31 68
35 41
35 49
63 47
14 27
14 51
14 83
29 62
29 94
29 33
10 76
10 96
17 37
45 7
52 53
52 68
76 7
38 37
38 8
48 90
57 59
6 83
6 24
82 7
92 7
92 21
21 50
21 53
60 50
68 27
47 85