0 2 4 6 7 8 10 11 12 13 14 15 16 17 19 20 22 23 24 26 27 29 30 31 32 33 35 37 38 39 40 43 44 45 47 48 50 51 53 56 59 60 61 64 70 72 74 75 76 77 79 81 83 84 86 87 93 94 98 99
0 72
0 40
2 47
2 83
2 79
2 10
4 75
4 59
6 45
6 38
6 22
7 83
7 15
8 13
8 60
11 76
11 32
12 47
13 30
13 77
14 20
14 53
15 23
15 48
16 48
17 53
17 37
19 56
20 59
20 84
23 29
24 93
26 35
27 99
27 93
29 84
30 51
31 79
31 32
32 86
33 38
33 74
35 93
35 87
35 70
37 61
39 51
39 72
43 83
44 99
47 74
48 56
50 87
50 76
51 94
60 98
64 70
77 93
81 94