79 12 96 29 74 37 60 38 91 6 39 89 10 52 15 65 82 42 97 8 17 98 77 99 21 48 83 68 24 28 64 46 18 1 43 75 66 9 20 59 27 72 36 95 25 90 61 23 62 2 47 34 35 85 33 11 86 93 32 4 70 5
79 29
79 24
79 65
79 37
12 77
12 15
12 32
96 2
29 8
74 48
74 35
37 90
60 43
60 21
38 98
38 91
91 47
91 52
91 6
6 64
39 5
39 10
89 23
10 85
52 59
52 83
15 99
65 97
82 85
42 99
42 2
97 68
8 34
17 27
17 61
77 86
21 2
48 86
48 46
83 36
83 75
68 25
24 1
24 66
28 18
18 72
1 61
43 95
43 72
75 35
66 70
9 90
20 25
59 4
27 5
27 93
25 33
23 4
62 47
34 86
11 93