49 85 31 0 24 84 80 3 63 70 86 42 69 88 81 97 51 65 29 64 73 46 43 59 39 93 75 71 72 9 79 36 60 2 33 55 19 15 28 21 5 1 20 58 62 7 95 12 78 4 44 25 57 61 6 87 94 17 38 99 77 27 45 98
49 78
49 29
85 24
85 6
31 88
0 99
0 12
0 5
24 42
24 97
24 33
24 63
84 93
84 70
84 63
80 99
3 33
63 75
63 71
70 2
86 27
86 43
42 87
69 45
69 7
88 93
81 4
81 51
97 39
65 73
29 79
29 21
64 45
64 94
73 2
73 19
73 60
46 20
43 21
59 12
75 15
72 36
72 79
9 25
9 36
36 98
60 58
33 28
55 6
55 77
55 61
19 4
15 5
28 95
28 44
21 1
1 62
20 25
62 38
78 17
44 38
57 27
61 94