69 56 2 15 33 70 47 22 86 24 55 97 82 61 52 19 17 99 65 10 88 25 64 46 29 45 32 73 92 23 63 68 84 35 60 30 39 98 38 9 57 72 76 40 87 16 75 94 91 42 27 89 43 12 4 54 34 53 50 49 80 74 21 90 6 28
69 23
56 54
56 68
2 76
2 16
15 50
15 33
33 94
33 42
70 21
70 4
70 29
47 74
22 68
22 72
22 35
86 46
86 6
24 73
24 63
24 76
55 84
97 53
97 9
97 30
97 39
82 72
61 46
61 90
61 94
52 49
52 94
19 65
19 16
17 80
17 73
99 54
65 75
65 98
10 45
10 60
88 46
88 4
25 92
64 42
46 60
32 68
32 63
92 43
92 38
23 80
63 34
84 49
30 87
39 28
38 40
57 91
87 16
87 89
16 43
16 91
75 12
91 74
27 34
90 28