27 29 31 32 36 37 38 39 40 41 43 44 47 49 54 57 65 94 97 1 28 34 48 62 67 73 79 98 2 30 35 42 45 52 60 68 69 83 84 3 58 4 46 70 88 95 5 56 64 77 85 91 7 71 8 12 13 16 20 21
27 46
27 5
29 57
29 49
31 12
32 30
32 68
36 48
36 85
37 69
37 64
37 43
38 16
38 85
39 88
39 60
39 28
40 97
40 1
41 84
41 44
41 77
43 95
43 3
43 35
44 21
44 57
47 94
49 79
54 34
54 97
54 4
57 42
65 34
65 62
94 52
1 73
28 7
28 70
28 5
34 52
48 8
62 20
67 20
79 8
79 56
98 35
2 60
30 70
42 52
42 7
45 5
69 84
83 71
84 13
84 71
58 91
58 13
95 12