25 23 37 62 33 18 43 11 14 26 10 49 31 79 69 46 29 68 82 85 88 41 80 0 36 72 54 56 53 35 83 57 38 58 34 5 74 13 1 60 17 32 51 39 28 12 24 93 55 40 92 90 8 42 2 86 7 71 6 81 66 91 9 98
25 29
25 91
25 9
25 98
23 51
23 12
37 57
37 68
37 13
62 55
62 79
33 58
33 69
18 91
43 2
11 10
14 90
14 79
26 46
26 54
10 41
49 69
49 34
49 93
31 68
79 17
79 5
79 41
46 29
46 24
82 1
85 8
85 35
88 13
80 12
80 83
0 83
36 81
72 54
72 1
72 56
54 6
56 93
53 71
35 57
83 55
83 39
57 34
57 38
58 92
74 86
1 32
60 39
32 40
32 2
51 86
28 40
28 55
90 81
8 66
42 2
7 81
71 6