55 36 88 15 87 52 4 28 64 22 62 63 24 44 96 2 50 98 38 89 13 18 43 82 6 79 49 51 65 19 69 29 45 5 23 10 95 42 86 46 14 92 32 94 9 3 21 59 39 17 81 68 47 40 60 54 27 80 0 8 73
55 45
55 32
36 6
88 0
88 92
15 81
87 46
52 68
52 46
52 4
4 51
4 64
4 19
4 27
28 49
28 86
64 80
22 3
22 14
62 38
62 44
63 47
63 98
63 24
24 73
96 21
2 18
2 29
50 51
98 6
98 79
38 68
38 39
89 49
89 5
89 42
13 23
18 0
43 81
82 14
82 73
82 32
6 69
6 21
79 23
65 29
65 59
19 3
69 59
45 81
5 14
5 54
5 10
10 95
95 94
46 17
32 8
9 47
21 40
60 80