0 9 10 11 17 20 21 22 25 29 30 35 38 41 43 45 46 47 54 59 63 70 81 82 87 90 94 98 4 5 16 23 28 33 44 50 66 68 75 77 86 92 2 13 14 15 31 32 61 72 83 19 39 42 48 51 53 60 74 78 97 80 67 88
0 81
9 10
9 47
10 54
10 31
11 14
11 63
17 22
17 4
17 35
20 48
20 83
21 28
21 80
22 63
22 86
25 31
29 44
30 67
35 72
38 23
38 75
41 82
43 47
43 48
45 33
45 94
46 90
46 87
54 63
59 61
70 77
81 50
81 61
82 50
87 39
90 51
90 16
90 28
94 51
98 88
4 74
5 33
16 68
23 15
23 72
44 74
66 75
68 61
68 2
77 42
92 13
92 80
13 88
14 32
15 39
32 78
72 53
19 74
42 97
51 60
53 67
74 97