6 73 25 17 8 27 89 47 54 3 87 83 12 61 92 50 0 38 62 37 77 96 39 99 10 74 86 97 24 69 28 58 40 59 82 41 36 81 63 14 34 26 84 46 31 98 13 93 16 65 60 7 23 68 52 33 75 64 48 66 49 11 90 21 53 1
6 1
73 52
73 48
25 33
25 84
17 64
17 27
8 23
27 37
89 92
89 49
47 86
47 74
54 65
54 59
3 48
87 93
87 38
83 68
83 33
12 77
61 92
92 68
50 82
0 74
0 68
38 11
62 34
62 81
62 28
37 34
77 46
96 93
39 11
39 53
39 99
10 81
74 97
97 7
24 28
69 16
28 16
58 40
40 23
40 46
59 31
82 75
41 52
36 64
36 7
36 21
63 23
63 49
63 66
14 34
14 26
26 31
84 98
13 60
60 90
7 90
52 53
75 64
49 11
21 1