0 10 12 54 75 78 83 25 38 44 92 2 14 28 47 61 64 88 19 32 46 23 5 24 63 80 6 65 66 81 7 74 79 99 8 41 76 50 77 26 57 69 84 11 16 27 89 93 15 56 73 33 96 29 94 45 53 36 67
0 12
10 23
10 84
12 56
12 15
12 81
12 88
54 56
54 46
54 26
75 8
78 5
83 50
83 96
25 88
38 92
38 29
44 73
44 56
92 67
2 88
14 77
14 6
28 15
28 5
47 96
61 8
61 65
64 77
64 66
19 89
19 96
32 89
32 94
23 45
24 63
63 81
80 8
6 65
66 81
7 74
7 99
74 89
79 99
79 45
41 53
41 73
76 50
26 16
57 93
69 67
69 84
11 93
11 27
27 53
73 33
73 36
29 53