0 1 2 3 4 5 6 7 8 9 10 11 12 13 14 15 16 17 18 20 21 22 23 24 25 26 27 29 30 31 32 33 34 36 42 45 47 48 49 51 54 56 57 58 62 63 64 66 67 69 70 72 74 75 76 77 78 79 85 91 92 94
0 34
0 33
1 36
1 32
1 23
2 12
2 14
3 13
3 9
4 42
4 18
5 26
6 31
6 45
6 21
7 47
7 48
7 27
7 29
8 49
9 51
10 20
10 54
11 56
12 57
12 58
12 18
13 25
13 24
14 62
15 64
15 63
16 32
16 66
17 67
17 22
18 70
18 25
18 69
20 74
20 26
21 75
21 76
22 77
22 78
23 79
23 30
23 27
24 32
26 85
29 91
29 92
30 94
34 36
45 47
49 51
54 56
62 64
70 72
74 76
77 79