34 36 91 1 4 11 56 82 96 8 78 87 19 64 69 88 43 5 6 13 42 70 85 51 62 7 25 52 9 23 68 76 80 92 28 46 60 61 95 14 38 18 16 47 97 39 41 49 17 72 58 65 99 48 21 54 53 71 73 79
34 42
34 85
36 73
91 23
91 92
1 82
1 96
4 43
11 95
11 61
56 41
56 65
82 25
96 23
8 9
78 85
78 47
87 62
87 7
19 28
19 60
64 48
64 97
64 76
64 9
69 60
69 72
69 18
88 62
88 53
43 53
5 13
5 70
6 62
6 51
13 38
42 99
70 23
51 39
62 72
7 52
25 61
23 28
68 54
76 21
76 14
80 39
92 71
46 38
46 54
95 79
38 73
18 58
16 49
16 97
47 65
41 48
17 72
72 21