0 17 18 23 30 34 39 60 64 78 79 92 8 9 19 21 31 49 68 10 20 25 46 48 51 52 61 69 73 76 90 3 26 57 80 4 5 7 12 84 99 6 15 44 53 67 88 93 35 40 63 89 50 83 65 85 56 77 36 72
0 78
0 30
17 80
17 53
18 92
23 31
34 78
39 50
39 72
39 36
60 65
60 73
64 72
78 19
79 4
79 51
92 20
92 9
8 52
8 68
8 6
9 7
9 49
9 56
19 20
21 12
31 5
31 40
31 69
49 85
49 4
10 99
25 57
25 35
46 48
46 44
51 35
52 15
52 50
52 77
61 40
73 12
76 6
90 84
90 89
3 80
3 26
57 88
80 15
80 35
99 40
99 77
99 83
6 67
44 88
93 89
93 36
40 63
83 65