1 2 3 6 9 10 15 17 18 19 20 21 22 24 25 27 29 30 31 32 33 34 35 36 37 38 41 43 44 46 50 52 53 55 56 57 58 60 63 65 66 67 68 69 74 76 77 78 79 83 84 85 86 88 91 94 95 97 98 99
1 2
2 3
3 56
3 52
6 85
9 74
9 10
10 20
10 60
15 34
17 25
17 18
19 85
20 52
20 21
21 22
22 25
24 25
24 43
27 68
29 97
29 95
30 31
31 32
32 33
32 55
33 68
34 46
35 36
35 79
35 85
37 46
37 76
37 95
37 65
38 65
38 86
41 94
41 67
43 65
44 53
50 78
50 79
53 57
53 86
55 56
57 58
63 74
66 99
66 69
67 68
68 69
76 77
77 78
78 88
83 84
83 91
91 95
98 99