0 1 2 3 4 5 7 9 10 11 12 13 14 15 16 17 18 19 20 21 22 23 24 25 26 27 28 29 30 31 32 33 34 35 37 38 39 41 42 44 46 47 48 50 51 52 54 57 58 64 68 70 72 75 76 78 82 88 90 91 94 96
0 34
0 33
0 28
1 35
1 32
1 15
2 38
2 27
2 37
2 18
2 13
3 39
3 20
4 42
4 41
5 44
5 16
5 13
7 47
7 10
7 48
9 52
9 14
9 51
10 54
10 16
11 21
12 16
12 58
12 17
12 57
14 17
15 64
16 32
17 68
18 70
19 72
20 23
21 32
21 75
21 76
22 30
22 78
23 26
24 32
24 82
25 26
27 88
28 90
28 29
29 91
29 31
30 94
31 96
33 35
37 39
42 44
46 48
50 52
70 72
94 96