59 82 6 21 20 46 88 45 1 95 47 54 93 49 11 24 40 97 25 43 67 75 87 65 4 33 73 44 23 85 29 48 91 68 39 71 52 53 31 81 19 10 92 2 84 78 69 77 74 36 94 79 14 27 7 8 83 26 51 13
59 44
59 43
82 8
6 95
6 87
21 23
20 47
46 40
46 83
46 13
46 29
46 69
88 29
88 52
45 10
1 2
1 19
95 52
47 53
47 78
54 73
54 93
93 84
93 29
93 33
49 91
11 39
11 94
24 36
97 39
97 25
25 7
43 4
67 53
67 75
67 92
87 48
65 19
65 74
4 36
4 29
44 31
44 14
23 48
85 26
85 81
48 71
48 91
48 74
68 79
39 77
31 27
31 8
81 83
10 78
84 77
78 69
94 79
26 51