25 37 38 27 42 43 28 33 46 30 32 31 39 44 45 1 2 4 5 6 7 10 11 12 15 16 18 20 23 24 21 22 88 57 65 82 91 98 52 99 54 66 69 94 67 85 61 64 55 70 58 74 77 50 76 83 84 62 95 72 93 63
25 37
37 38
38 39
27 42
27 52
42 43
43 33
43 46
43 44
43 45
28 33
33 32
30 32
30 31
39 11
44 95
1 4
1 16
2 91
4 54
4 5
5 6
6 7
10 12
11 12
11 99
12 77
15 16
15 88
18 84
18 62
20 21
20 23
20 24
23 54
24 98
21 22
22 52
22 57
88 93
65 50
82 63
82 50
82 64
91 72
98 55
99 67
54 83
66 69
66 94
69 74
67 55
85 63
61 74
61 76
61 70
55 58
70 58
74 72
76 62
95 63