0 2 3 6 8 9 10 11 12 13 14 15 17 18 19 20 21 25 29 33 34 35 36 38 39 40 42 44 45 49 51 52 53 54 55 56 57 58 60 62 63 64 66 67 69 70 71 74 78 83 85 86 87 88 89 90 92 95 96
0 3
0 10
0 29
2 87
6 29
8 63
8 60
8 12
9 70
9 86
10 38
11 13
12 38
12 88
12 17
13 62
14 67
14 51
15 51
17 49
18 44
19 71
20 34
20 55
21 33
21 53
21 67
25 51
25 96
33 69
33 95
34 96
35 69
36 56
36 42
36 64
36 74
38 85
39 51
40 69
40 63
40 54
44 92
45 90
49 66
52 66
56 60
57 74
58 63
58 90
62 90
70 78
70 88
71 89
83 87
83 96
88 89
92 95