1 2 3 4 5 6 7 9 10 11 12 13 15 16 17 18 19 20 21 22 23 24 25 26 27 28 29 31 32 35 36 37 39 41 43 44 45 47 49 51 52 53 54 62 63 64 65 70 71 73 78 82 86 87 88 89 90 92 95 96
1 28
1 13
1 35
1 36
2 37
2 19
3 39
3 32
3 29
3 15
4 32
4 41
4 9
5 44
5 43
5 12
6 45
7 47
7 26
7 25
9 51
9 52
10 11
10 32
10 53
10 54
11 21
13 27
13 17
13 24
15 63
15 64
16 31
16 65
18 19
18 70
19 22
19 31
19 71
20 73
20 28
22 78
23 28
24 82
26 86
27 88
27 87
28 89
28 90
29 92
31 95
31 96
37 39
41 43
45 47
49 51
62 64
86 88
90 92