0 51 55 2 11 4 5 40 57 6 87 7 79 90 32 39 17 82 12 24 84 13 93 96 14 78 43 27 63 86 18 69 20 72 58 92 95 23 49 81 28 36 31 99 89 94 35 60 75 53 91 42 97 44 62 48 65 66 73 85
0 55
51 87
55 91
2 11
11 84
4 57
4 5
5 87
40 39
57 94
6 7
6 90
87 84
87 85
87 99
79 99
90 91
90 99
32 94
39 91
39 36
17 69
17 18
82 92
82 78
12 93
12 13
24 81
24 23
13 14
93 63
93 62
93 94
96 27
96 18
96 42
78 65
43 63
27 28
86 81
86 85
20 72
72 73
58 53
58 97
92 95
95 94
95 60
95 66
23 49
49 48
36 35
31 89
99 89
99 42
94 53
94 44
75 44
97 73