0 6 7 2 8 4 10 11 12 9 14 20 13 15 21 22 17 24 26 29 31 34 35 33 32 30 36 37 44 39 38 41 46 47 95 51 50 54 56 58 63 60 61 62 64 65 68 69 73 67 98 74 76 77 81 82 86 90 93 94 87 91 92 96 80 83 84
0 6
0 7
6 12
7 2
2 8
8 9
4 9
4 11
10 11
12 13
9 14
14 20
20 15
13 26
15 21
21 22
22 17
22 29
24 31
24 30
26 33
26 32
26 31
29 34
29 35
29 50
29 51
34 41
32 38
30 36
36 37
37 44
44 95
39 46
39 38
46 47
95 96
51 54
50 56
54 58
56 63
63 60
60 61
61 62
61 64
62 98
64 67
64 68
65 68
68 69
73 76
98 94
98 74
76 77
77 81
81 82
82 86
86 90
90 93
93 94
87 91
87 84
91 92
91 96
80 83
83 84