65 56 52 75 17 60 48 27 74 86 95 72 66 57 22 69 89 64 20 55 40 43 54 10 92 62 88 33 38 49 32 36 44 71 96 61 93 87 19 53 98 73 7 25 13 70 78 1 97 9 42 81 39 28 47 51 0 8 26 84
65 78
65 36
56 87
56 13
52 87
75 13
17 95
17 53
60 1
60 43
48 28
27 78
27 55
74 96
74 92
86 19
95 97
95 33
72 88
72 32
66 33
57 44
57 1
22 43
69 88
69 7
89 70
89 71
64 51
64 73
20 28
20 40
55 19
55 39
40 10
43 81
54 98
92 51
62 47
33 61
33 19
38 49
38 0
49 93
32 25
36 0
44 61
71 47
61 84
93 26
93 28
87 28
53 42
98 42
73 25
25 8
25 28
70 39
70 9