80 12 42 55 22 78 15 7 85 79 31 91 47 13 89 21 4 5 86 20 41 77 58 88 60 53 71 73 34 82 90 84 39 66 52 61 74 8 35 18 3 26 27 37 63 45 25 17 67 9 94 48 46 95 57 93 38 11 92 87 40 24 29
80 61
80 82
12 52
12 74
12 38
42 74
42 29
55 79
55 88
55 27
22 25
22 11
78 89
15 40
15 63
15 93
7 95
85 35
85 45
79 3
31 35
91 53
47 9
47 40
13 21
13 4
13 17
89 9
89 48
21 27
21 53
4 71
4 26
4 67
5 40
86 37
20 93
41 63
41 57
77 38
58 45
58 34
60 17
71 52
73 8
73 46
34 95
34 92
90 25
84 48
39 3
66 67
52 46
61 11
18 94
3 9
37 94
63 11
9 94
94 92
57 24
87 29