0 1 2 4 5 6 7 8 9 10 12 13 14 15 16 17 18 19 21 22 23 24 25 26 27 28 29 30 31 32 35 36 37 38 41 43 44 45 47 50 52 53 54 57 60 62 64 66 68 69 70 71 75 76 77 79 81 84 87 89 90 91 94 96
0 30
0 8
0 12
1 35
1 36
1 25
2 38
2 17
2 37
4 30
4 41
5 44
5 43
6 45
6 25
7 21
7 47
8 50
8 21
9 52
10 53
10 17
10 54
12 57
12 19
13 60
13 17
14 62
14 28
15 64
16 66
17 68
17 29
17 24
17 27
18 70
18 69
19 71
21 76
21 75
22 77
23 25
23 79
23 28
24 81
24 32
25 84
26 27
27 87
28 90
28 89
29 91
30 94
31 96
41 43
45 47
50 52
62 64
66 68
69 71
77 79
89 91
94 96