0 1 2 3 4 5 6 7 8 9 10 11 12 13 14 15 16 17 18 19 20 21 22 23 24 25 26 27 28 29 30 31 32 34 39 43 45 46 47 49 50 52 59 61 63 66 67 70 71 72 73 75 76 79 84 85 88 90 91 94 95 96
0 34
0 20
0 31
1 11
2 9
3 28
3 39
3 26
4 17
4 29
5 7
5 19
5 43
6 46
6 45
7 47
7 15
7 29
7 8
8 49
8 50
9 52
9 13
10 27
11 30
12 30
13 59
14 61
15 63
16 30
16 66
16 18
16 32
17 22
17 24
17 67
17 26
18 70
18 25
19 71
19 72
20 73
21 76
21 75
22 27
23 79
23 24
25 84
26 85
27 88
28 90
29 91
30 94
31 95
31 96
45 47
50 52
61 63
70 72
73 75
94 96