32 72 86 1 30 77 2 15 27 50 59 84 88 89 95 3 39 49 65 76 91 56 94 19 20 60 90 6 18 34 52 7 28 73 75 23 67 12 25 36 53 93 47 96 64 46 57 78 29 69 40 87 92 37 33 79 61 48
32 73
72 59
72 67
72 40
72 46
86 95
1 77
30 23
30 37
77 60
2 89
2 88
15 64
15 49
27 36
50 91
50 87
50 88
59 53
84 73
84 39
84 47
84 75
84 79
95 33
3 39
3 91
39 19
49 92
65 53
76 7
76 29
56 69
94 90
20 78
20 64
20 57
60 29
90 92
90 23
90 61
6 52
6 18
18 96
34 25
7 28
28 73
73 36
12 36
12 25
12 93
53 33
96 87
64 29
64 46
57 69
37 48