0 4 6 7 9 10 11 15 16 17 22 23 26 27 28 29 32 36 37 39 40 43 44 45 46 47 48 49 50 51 52 53 55 57 58 61 62 65 66 67 69 70 74 75 76 81 82 83 84 85 86 88 89 90 92 93 95 96 97 98
0 70
0 47
0 16
4 96
4 82
6 7
6 69
7 62
9 55
9 89
10 52
10 53
11 98
11 47
15 43
16 66
17 55
22 97
23 40
26 57
27 75
28 50
29 95
29 90
32 86
32 96
36 95
37 92
39 43
40 50
43 47
43 97
44 66
45 52
45 92
46 49
46 92
47 76
48 90
49 62
49 85
50 62
51 70
55 76
57 86
58 66
61 65
61 74
65 83
67 90
70 86
74 84
75 98
81 85
81 84
83 88
88 96
88 90
90 93