52 6 63 12 16 22 27 76 15 30 96 14 7 87 39 45 89 44 94 23 38 68 28 67 10 59 11 71 17 21 99 34 65 25 53 4 36 95 93 35 97 47 24 1 66 0 70 32 51 40 78 50 64 56 84 88 29 98 77 73 9 49
52 49
52 94
6 95
6 24
63 68
63 12
12 99
16 4
16 36
16 73
22 15
27 76
27 35
76 28
76 45
15 88
15 68
30 67
30 39
96 14
96 44
14 21
7 70
7 40
87 0
87 78
87 66
39 84
39 34
45 1
89 44
94 21
23 98
23 28
38 56
38 51
10 1
10 0
10 77
10 97
59 1
59 29
11 40
71 78
17 9
21 78
34 65
65 25
25 53
36 95
93 51
93 70
47 24
1 51
32 51
50 64
64 56
56 84
88 29
77 73
9 49