0 1 2 3 4 5 6 7 8 9 10 11 12 13 14 15 16 17 18 19 20 21 22 23 24 26 27 28 29 30 31 32 34 36 40 42 46 49 51 52 53 55 57 60 64 65 66 70 71 72 78 80 81 82 85 88 89 90 91 93 96
0 34
1 36
1 13
1 11
2 30
3 40
3 18
4 42
4 19
4 13
4 12
4 24
5 17
6 46
6 10
7 24
7 16
8 49
8 12
8 20
9 51
9 29
9 52
10 30
10 53
11 55
12 57
13 60
13 14
14 17
15 64
15 31
15 26
16 65
16 66
18 70
19 72
19 71
21 29
22 78
22 26
22 27
22 30
23 80
24 82
24 81
26 32
26 85
27 88
28 89
28 90
29 91
30 93
31 96
34 36
49 51
53 55
70 72
78 80
89 91