3 7 8 9 10 13 15 17 18 19 20 21 22 23 25 29 30 35 36 38 40 41 42 43 46 47 48 49 50 51 54 56 59 62 63 66 68 69 70 71 72 73 74 76 77 78 79 80 82 83 84 85 87 89 91 95 96 98
3 50
7 47
7 35
8 62
8 10
8 38
8 17
9 84
9 47
10 36
13 54
13 43
15 46
15 70
18 49
18 70
19 51
20 70
20 74
21 22
22 30
22 82
23 59
23 70
23 78
25 83
25 47
29 56
30 35
36 51
38 98
40 76
41 91
42 47
43 69
47 80
47 78
47 50
48 49
50 56
50 76
59 63
62 87
63 79
63 73
63 85
66 85
68 91
68 80
69 96
71 84
71 72
73 77
79 87
82 95
83 89
96 98