0 21 25 27 1 6 28 29 2 15 20 14 31 32 3 10 35 36 4 13 9 39 5 8 42 17 44 45 7 11 48 49 50 53 54 12 55 56 59 62 22 23 64 65 24 67 18 71 16 73 77 19 79 80 81 82 83 85 88 89 90 91 93 94 95 96 99
0 27
0 25
21 89
21 88
21 90
25 89
27 32
1 28
1 29
6 45
6 44
28 48
28 39
29 96
2 32
2 31
15 71
20 85
14 67
31 77
3 36
3 35
10 55
35 81
36 39
4 39
13 64
13 65
9 53
9 54
5 42
8 49
8 50
42 65
42 62
17 77
44 82
45 56
7 48
11 59
49 67
50 80
54 73
12 62
55 93
56 93
59 95
22 91
22 93
23 94
23 96
23 95
64 79
24 99
18 81
18 80
18 79
71 95
16 73
73 82
19 82
81 91
83 99
83 88
85 95
90 93