14 8 79 54 51 40 96 67 18 75 50 72 25 70 58 90 5 86 36 53 87 73 20 66 4 10 61 84 46 94 41 93 83 12 26 21 65 35 47 2 63 43 76 85 82 1 99 34 19 31 38 78 24 74 92 32 69 42 56 97 44 80 59 91
14 54
8 74
79 53
54 31
54 63
51 59
40 46
40 87
40 67
96 66
96 25
96 84
96 34
18 43
18 69
75 76
75 90
50 58
50 92
50 74
72 82
72 25
70 44
70 53
58 5
58 86
90 78
5 42
86 34
86 43
36 65
36 80
53 4
53 12
87 76
73 4
73 46
20 41
20 38
66 35
10 42
10 63
61 80
94 85
41 99
93 43
93 32
83 76
26 1
21 38
65 69
35 19
47 97
47 56
2 99
76 19
85 69
1 59
1 34
34 38
24 74
42 56
59 91