0 32 71 61 94 1 7 45 11 22 51 3 59 34 96 4 92 49 41 52 48 85 40 97 70 54 33 12 69 82 29 99 23 88 76 84 14 46 81 80 98 20 68 24 30 58 31 35 43 25 65 28 26 93 55 38 64 36 60 57 77
0 61
0 32
32 85
71 45
71 35
61 80
94 88
1 22
1 7
7 11
7 3
11 99
11 34
11 48
22 58
22 30
22 12
51 64
51 97
3 96
59 99
59 36
34 24
96 14
4 92
4 52
92 29
49 40
49 35
41 23
41 52
48 81
85 69
40 64
40 58
70 12
70 20
70 46
54 76
33 26
33 38
12 23
82 14
29 88
76 57
84 55
46 98
80 26
20 68
68 26
24 43
30 93
31 28
43 28
25 65
65 57
55 77
36 60
36 57
60 77