0 6 69 1 8 58 40 4 13 17 36 41 57 5 49 55 79 38 43 7 42 46 10 80 85 95 24 12 22 89 14 52 63 65 66 27 77 18 62 78 96 98 21 93 39 75 54 48 29 31 32 33 99 74 59 73 47 82 71 50 72 64
0 6
0 69
6 38
69 80
1 8
8 42
58 40
58 72
40 18
4 57
4 17
13 12
13 89
17 77
36 31
36 48
41 7
41 39
57 55
57 75
57 89
5 49
5 79
55 82
79 72
38 27
43 48
43 52
43 82
42 99
46 22
10 80
10 85
10 95
80 39
85 18
85 66
95 73
95 98
24 12
24 14
24 21
22 63
14 63
14 66
52 71
65 47
65 64
66 78
66 96
77 64
18 62
62 29
96 50
21 93
75 74
54 59
54 47
31 32
32 33
32 99