0 49 1 91 52 66 76 62 84 26 92 33 51 95 85 23 97 75 4 29 18 89 72 28 37 3 40 21 77 2 46 31 71 80 82 96 25 65 57 55 67 53 19 17 41 64 27 88 58 83 79 68 98 74 56 12 42 44 48 81 93 69
0 12
0 41
0 64
49 80
49 72
1 51
1 21
1 40
91 82
52 93
66 2
76 23
62 44
62 77
84 80
26 3
92 72
92 65
33 53
33 56
33 96
51 75
95 68
95 81
85 69
23 93
23 98
97 25
97 44
4 68
29 46
18 3
18 40
89 64
28 42
28 88
37 68
37 71
3 53
3 31
77 48
2 25
2 71
46 79
46 93
31 98
71 69
82 68
25 17
65 12
65 58
65 67
57 83
55 12
55 19
67 27
19 42
17 58
83 68
79 48
98 74