0 19 24 26 27 1 20 8 28 30 2 11 7 31 3 35 36 4 9 10 13 37 38 39 5 40 41 42 6 44 45 47 48 21 49 12 53 14 15 55 56 58 61 16 64 67 70 71 18 74 75 17 23 76 78 22 80 81 82 83 84 86 87 89 90 91 93 94 95 98 99
0 26
0 27
19 83
19 82
19 84
24 99
24 98
26 42
27 86
1 30
1 28
20 86
20 87
8 49
28 38
30 58
2 31
11 58
7 47
7 48
31 35
31 44
3 36
3 35
35 95
36 39
4 37
4 38
9 53
10 56
10 55
13 64
37 39
5 40
5 41
5 42
40 61
41 67
42 81
6 45
6 44
48 91
21 89
21 90
49 71
12 61
53 75
14 67
15 71
15 70
56 91
61 64
16 74
16 75
70 74
18 80
18 81
74 80
17 78
17 76
23 95
23 94
76 84
78 90
22 91
22 93
82 94
83 98
87 95
93 99