0 1 3 4 5 6 7 9 10 11 12 13 14 15 16 17 18 19 20 21 22 23 24 25 26 27 28 29 30 31 32 33 35 37 39 40 41 46 47 50 51 52 53 54 57 59 61 63 64 65 67 68 71 72 73 74 80 82 83 84 85 90 91 93 94 95
0 33
0 21
1 35
1 24
1 3
3 39
3 40
4 41
4 27
5 9
6 26
6 46
7 47
7 18
9 52
9 51
9 15
10 54
10 14
10 53
11 31
11 12
11 26
12 32
12 57
13 59
14 21
14 61
15 64
15 63
16 65
16 27
16 20
17 67
17 22
17 68
18 27
18 31
18 29
19 71
19 24
19 72
20 74
20 73
23 80
23 31
24 82
24 26
25 83
25 84
26 85
28 90
28 29
29 91
30 93
30 94
31 95
33 35
37 39
50 52
57 59
61 63
65 67
82 84
93 95