1 53 36 2 72 3 63 83 5 49 9 6 85 82 11 79 86 12 64 70 13 92 14 30 15 21 67 59 18 37 38 46 48 22 75 24 91 73 76 27 28 32 54 34 35 41 55 40 90 44 93 87 71 47 66 52 99 62 97 68 80 81 84 96
1 2
1 72
53 52
53 54
53 86
36 37
36 34
36 35
36 55
2 63
72 71
72 44
3 83
63 64
83 9
83 62
83 5
83 84
5 6
49 76
49 90
9 82
85 27
85 84
82 81
11 12
79 80
86 32
86 87
12 92
64 97
70 92
70 34
70 71
13 14
13 30
92 91
92 80
92 93
14 59
14 15
21 22
21 75
67 22
67 68
59 99
18 46
38 73
46 47
48 47
48 66
75 76
24 73
91 90
73 71
27 28
54 55
35 41
41 40
71 66
66 99
97 96
80 81