4 5 11 12 13 14 19 24 28 30 31 36 40 42 43 46 49 54 59 61 66 67 70 71 77 81 90 92 95 96 99 16 21 26 27 29 37 44 47 48 51 56 58 62 69 73 76 82 10 33 52 75 23 60 83 55 22 87 74
4 49
4 77
5 29
5 13
11 56
12 58
12 83
12 21
13 71
14 62
14 26
14 67
14 77
14 66
14 81
19 54
19 23
19 10
24 47
24 66
28 82
28 46
28 56
30 23
31 16
36 54
36 21
36 52
40 22
42 70
43 59
43 61
46 21
59 69
61 62
61 22
67 60
70 92
71 55
71 27
77 23
81 76
90 92
90 76
95 29
95 48
96 58
99 37
99 52
99 44
16 22
27 60
44 51
69 87
73 74
73 82
33 75
75 83