0 1 2 3 4 5 6 7 8 9 10 11 12 13 14 15 16 17 18 19 20 21 22 23 24 25 26 27 28 30 31 32 33 34 36 38 39 42 45 49 50 54 55 57 58 59 61 62 63 66 67 69 71 76 77 79 80 83 86 88 89 90 91 93 95
0 33
0 34
0 5
0 27
0 6
1 36
1 15
2 5
2 38
2 17
3 16
3 8
3 39
4 42
4 32
5 21
6 30
6 24
6 45
7 10
8 50
8 15
8 49
9 17
9 32
10 25
10 28
10 54
11 23
11 55
12 57
12 58
12 30
12 28
13 59
13 22
14 61
14 62
15 63
16 66
17 67
18 69
18 32
19 71
19 20
21 76
22 77
23 79
23 80
25 83
26 86
27 88
28 89
28 90
30 93
31 95
34 36
57 59
61 63
69 71
77 79
86 88
89 91
93 95