0 78 57 95 68 1 34 24 54 84 66 2 90 5 65 92 3 8 7 52 39 69 29 58 75 6 33 74 73 47 16 48 86 64 13 56 85 17 21 43 26 59 22 93 40 23 62 25 82 91 51 27 50 32 87 88 36 81 94 98 53 61 89
0 78
0 68
78 25
78 50
57 53
57 85
95 50
95 88
95 32
68 13
1 66
1 54
1 24
1 34
24 65
54 56
84 87
84 86
84 53
84 5
66 6
2 90
2 92
2 5
5 29
65 17
65 94
92 21
3 7
3 8
8 47
7 6
52 23
39 29
69 51
58 75
75 36
6 33
6 73
74 81
74 89
73 64
47 62
16 85
48 22
48 36
86 23
64 26
85 93
85 40
21 26
21 59
21 43
43 98
26 51
22 40
62 27
25 82
82 98
91 51
36 81
81 61