0 1 2 3 5 9 10 12 16 21 24 31 32 33 36 37 39 41 48 51 53 54 55 57 58 59 62 63 64 65 68 71 72 76 81 83 86 88 89 94 95 97 98 7 13 15 18 20 22 23 45 60 78 84 93 8 28 42 82 19 29 85 73
0 94
0 39
0 33
0 55
1 15
1 84
2 64
3 63
5 39
9 20
9 23
10 39
10 13
10 8
12 29
12 15
16 58
16 97
21 48
24 53
24 94
24 76
31 19
31 98
31 7
32 84
33 37
36 86
41 62
41 28
41 54
48 7
51 73
51 22
51 42
53 18
54 83
55 58
57 85
57 68
57 72
59 60
62 8
63 19
64 22
65 86
65 81
68 18
71 95
72 23
81 82
86 93
88 82
89 18
95 73
98 22
13 29
18 78
45 93
60 29
28 82
19 85