0 3 25 26 27 1 4 28 30 2 11 32 33 18 36 7 12 9 37 39 5 8 41 6 44 45 48 22 51 10 52 53 55 56 57 60 62 63 13 65 14 20 16 67 15 71 72 24 75 17 19 76 77 80 82 84 21 87 88 23 92 95 96 97 98 99
0 27
0 26
0 25
3 36
25 39
26 97
27 96
1 28
1 30
4 37
4 39
28 67
30 55
2 33
2 32
11 60
32 37
33 75
18 80
36 62
7 48
12 63
12 62
9 52
9 53
5 41
8 51
41 95
6 44
6 45
44 71
45 65
48 56
22 92
51 53
10 55
10 57
10 56
52 77
55 71
57 76
60 82
63 72
63 80
13 65
14 67
20 87
16 75
15 71
15 72
24 97
24 99
24 98
17 77
17 76
19 84
19 82
76 87
80 99
84 95
21 88
88 98
88 92
23 95
23 96