0 74 35 20 44 14 48 92 60 12 28 87 79 49 53 27 63 29 39 34 72 8 32 65 97 81 54 85 10 70 88 91 82 13 36 41 62 15 57 25 89 96 22 67 56 37 24 75 94 64 61 38 33 68 40 84 43 73 78 80 76
0 91
0 10
74 41
74 97
35 10
35 65
35 76
20 49
20 25
44 33
44 89
14 73
14 61
48 70
92 79
60 34
12 13
12 32
28 61
87 27
87 32
79 85
49 43
49 53
27 29
63 15
63 73
29 36
39 38
39 61
34 75
72 96
8 62
8 64
32 70
65 37
97 24
97 22
81 64
81 94
81 78
54 24
54 96
85 57
70 78
70 80
88 67
88 13
82 75
82 57
82 67
36 24
36 56
41 84
89 43
22 76
56 38
75 40
94 43
68 76