0 1 2 3 4 5 6 7 8 10 11 12 13 15 16 17 18 21 23 24 25 26 27 28 29 30 31 32 33 36 37 39 41 42 45 46 47 49 50 52 53 55 58 62 63 64 66 69 70 71 74 75 76 79 80 81 84 85 89 90 92 94 95 96
0 24
0 33
0 6
1 36
1 31
2 37
3 39
3 26
4 7
4 41
4 5
4 42
5 28
5 8
6 46
6 45
7 47
8 49
8 27
8 50
10 53
10 15
11 55
11 23
11 28
11 17
12 25
12 30
12 58
12 18
13 26
13 25
15 63
15 64
16 66
16 23
18 70
18 69
21 29
21 76
21 75
23 80
23 26
23 79
24 81
25 84
26 85
28 90
28 89
29 92
30 94
30 32
31 96
31 95
37 39
45 47
50 52
53 55
62 64
69 71
74 76
90 92
94 96