24 37 89 74 6 56 10 58 67 72 98 59 81 17 64 30 46 1 4 36 85 19 8 42 57 40 80 68 34 79 96 97 43 3 14 70 62 38 95 26 86 91 5 18 60 27 84 32 9 61 99 65 69 11 22 82 23 20 25
24 43
24 95
37 86
37 27
37 79
89 4
89 81
74 5
6 81
6 82
56 4
56 10
56 32
56 11
58 67
58 8
72 95
72 1
72 62
72 85
98 61
59 46
17 79
17 43
64 69
64 23
30 23
30 65
46 38
36 20
36 26
19 80
19 9
19 42
8 61
8 70
57 27
57 84
40 68
80 61
68 34
68 26
34 18
96 20
97 38
97 70
3 91
3 26
14 23
14 9
70 18
38 86
95 11
5 27
18 25
60 65
32 22
61 99