0 1 2 3 4 5 6 7 8 9 10 11 12 13 14 15 16 17 18 19 20 21 22 23 24 25 26 27 28 29 30 31 32 34 35 36 37 38 41 43 44 46 48 49 56 58 60 62 63 65 66 67 69 74 76 78 79 80 82 85 87 89 92
0 34
0 10
0 9
1 35
1 29
1 36
2 25
2 38
2 37
3 13
3 8
3 24
3 32
4 20
4 41
4 26
5 43
5 44
5 8
5 31
6 46
6 23
7 48
7 29
8 29
8 49
11 23
11 56
12 58
13 60
14 62
14 28
15 32
15 63
16 66
16 65
17 67
17 22
17 28
18 20
18 69
19 31
20 74
21 76
22 78
23 79
23 80
24 82
25 29
26 85
27 87
28 89
29 92
30 32
34 36
41 43
46 48
58 60
65 67
74 76
78 80
85 87