0 1 2 3 4 5 6 7 8 9 10 11 12 13 14 15 17 18 19 20 21 22 24 25 26 27 28 29 30 31 32 34 40 42 43 46 47 48 51 53 54 56 59 64 65 67 68 69 70 71 74 77 78 82 83 84 89 90 91 93 95 96
0 34
0 21
0 3
1 18
1 12
2 29
3 40
4 42
4 9
4 19
5 25
5 15
5 43
6 46
6 22
7 19
7 48
7 47
8 9
9 51
10 54
10 53
11 21
11 56
11 30
13 59
13 27
14 18
15 64
17 68
17 24
17 67
18 70
18 69
18 25
19 71
19 20
20 30
20 74
22 77
22 26
22 78
24 82
25 29
25 84
25 27
25 83
28 32
28 90
28 89
29 91
30 93
31 95
31 96
46 48
54 56
65 67
69 71
82 84
89 91
93 95