0 1 11 5 2 27 8 28 6 24 31 32 33 3 16 14 34 4 10 37 15 23 42 43 44 7 9 47 48 49 51 18 53 54 55 57 58 59 60 12 21 61 13 22 64 20 67 68 69 70 72 73 74 17 76 78 80 19 83 84 85 87 89 90 93 94 95 96 98 99
0 27
1 28
11 58
11 60
11 59
5 42
2 32
2 33
2 31
27 49
8 51
8 49
28 34
28 51
6 43
6 44
24 98
24 99
31 67
32 42
33 57
33 73
3 34
16 74
16 73
14 67
14 69
14 68
4 37
10 55
10 57
37 84
15 72
15 70
23 95
23 96
23 94
44 99
7 47
7 48
9 53
9 54
47 80
48 67
51 85
18 80
53 74
54 96
54 87
55 61
58 94
59 93
60 78
12 61
21 90
21 89
13 64
22 93
64 68
20 85
20 87
69 98
70 83
72 87
17 76
76 90
78 89
19 83
19 84