0 1 2 3 4 5 6 7 10 14 17 18 20 21 22 23 25 29 32 34 35 36 37 38 39 41 42 44 45 46 48 49 52 53 54 56 57 58 60 63 64 65 66 70 71 72 73 74 75 79 80 81 82 83 84 86 88 90 91 92 94 95 97
0 17
0 65
0 37
1 66
1 58
2 3
3 91
3 95
4 57
5 64
5 6
6 7
10 39
10 41
10 46
14 38
17 18
18 29
20 21
20 97
21 22
22 75
23 84
23 73
25 58
25 52
29 60
32 74
32 54
34 42
34 58
35 49
35 48
36 94
37 71
37 44
37 97
38 53
39 94
39 56
42 83
44 91
44 82
44 45
45 86
46 84
48 63
49 80
53 54
56 57
63 88
63 84
63 64
64 65
65 66
66 92
70 88
70 79
71 72
72 74
75 90
80 81