0 31 43 45 28 36 68 5 20 33 92 2 67 72 73 10 65 77 3 18 70 7 4 16 23 56 60 24 14 55 62 90 97 91 41 30 46 9 51 69 21 87 19 13 64 74 15 63 17 47 26 29 83 98 76 27 94 57 25 86 80 58 78
0 28
31 5
31 13
43 7
43 80
45 20
45 36
28 21
28 87
36 65
36 86
68 72
68 46
68 30
5 14
20 70
20 4
20 41
33 17
33 16
92 14
92 56
2 10
2 72
2 73
67 69
67 25
73 57
65 58
65 77
3 18
3 70
18 87
7 91
4 23
16 23
16 55
16 15
23 94
60 14
24 27
24 62
62 97
90 41
90 74
97 74
30 74
9 51
51 58
69 47
21 76
87 64
19 29
19 83
13 64
64 26
15 63
17 47
26 83
98 80
98 94
76 78