0 12 8 9 1 30 50 2 38 64 20 39 63 71 94 51 84 60 5 92 34 6 17 29 74 7 72 58 11 10 83 43 82 56 19 96 47 15 28 44 16 98 49 32 54 21 70 22 61 99 87 78 65 89 90 91 76 42 67 62 48 53 85 59
0 78
12 39
8 32
9 94
1 64
1 50
30 42
30 76
30 60
50 15
2 90
38 48
64 19
64 29
20 21
20 96
39 92
63 62
63 42
71 43
94 21
94 99
94 5
51 5
51 6
84 54
84 6
5 22
92 72
34 16
6 91
17 47
17 98
29 67
29 49
74 59
74 83
7 72
72 90
58 44
11 16
11 82
11 47
10 56
83 28
43 99
82 15
56 67
19 21
19 44
96 42
96 65
28 89
16 78
32 61
21 87
70 53
22 61
61 53
61 89
89 85
90 59
76 48