0 2 12 13 15 16 19 25 28 30 32 33 47 48 49 57 62 66 67 69 72 87 1 4 23 34 41 44 51 52 56 59 64 80 82 84 86 93 3 11 24 29 31 38 60 63 81 92 10 14 21 42 45 46 53 78 58 55 75 79 97 68 70 73
0 15
2 38
2 25
12 28
13 68
13 32
13 45
15 51
15 1
15 72
16 80
16 55
19 48
19 46
19 4
25 47
28 92
30 46
30 24
32 69
32 41
33 11
47 97
47 66
48 59
49 64
57 68
57 34
57 14
62 45
66 44
67 59
69 75
72 79
72 78
87 38
1 64
4 58
23 79
23 70
34 86
41 81
44 58
44 84
44 92
51 29
51 58
51 82
52 14
56 78
80 31
80 46
84 21
86 73
93 11
93 14
3 63
3 10
29 42
60 55
63 46
42 73
53 58