0 1 2 3 4 5 6 7 8 9 10 11 12 13 14 15 16 17 18 19 20 21 22 23 24 25 26 28 30 31 32 33 37 38 39 42 44 45 48 50 51 54 55 58 59 62 63 66 67 70 73 76 81 82 83 85 86 88 89 90 92 95
0 26
0 13
0 33
1 25
2 38
2 37
2 5
2 31
3 39
3 13
3 12
3 30
3 15
4 42
4 28
4 17
5 44
6 13
6 21
6 45
7 48
7 30
8 50
8 24
9 14
9 51
10 54
10 28
11 55
11 17
11 14
11 16
12 58
12 20
12 23
13 32
13 59
14 62
15 63
16 66
17 67
18 70
18 23
19 20
20 73
21 76
22 24
24 82
24 81
24 26
25 83
26 85
26 86
28 90
28 89
31 95
37 39
42 44
81 83
86 88
90 92