79 60 31 33 92 93 52 39 98 6 48 28 65 94 49 86 22 74 10 26 53 81 37 77 46 88 67 2 34 70 97 8 13 4 87 54 82 42 29 15 50 24 47 36 62 38 96 66 40 27 18 9 19 51 11 72 89 5 12 75 14 35
79 94
79 53
79 12
60 15
31 67
31 4
33 86
33 48
92 52
93 48
52 4
39 34
39 94
39 98
39 24
98 51
6 46
6 13
28 40
65 81
65 89
65 70
94 75
49 5
49 34
86 88
22 14
22 47
22 88
74 62
10 35
26 82
53 36
81 96
37 5
77 66
77 70
46 35
46 11
67 38
67 42
67 54
2 15
2 50
70 19
97 12
8 13
8 72
87 42
87 19
54 35
82 29
82 5
42 9
50 96
62 11
62 27
40 89
18 9
11 14
75 35