0 1 20 2 95 8 4 47 5 89 9 72 12 13 67 15 36 35 55 23 65 24 44 27 37 90 97 49 56 87 39 92 57 83 71 28 50 88 76 34 99 70 53 93 25 94 26 64 40 98 62 52 74 30 33 58 31 43 38 46
0 90
0 27
0 1
20 97
20 67
20 40
2 95
2 46
8 58
4 64
47 65
47 93
47 99
5 49
89 13
89 31
9 26
9 58
72 87
72 65
12 57
67 49
67 56
15 71
36 57
36 62
35 98
55 64
55 50
23 24
23 34
65 92
24 74
24 38
44 99
44 74
44 56
27 58
37 52
37 71
37 53
90 30
97 70
49 46
87 64
39 52
92 98
83 58
28 74
88 58
76 26
34 33
70 62
53 30
93 25
94 46
40 31
40 43
52 33