2 4 6 8 10 12 13 14 15 17 19 21 22 24 25 27 28 29 31 32 35 36 39 40 42 45 47 48 51 52 54 56 59 60 63 64 65 66 67 68 69 70 71 72 73 74 75 76 77 78 79 80 81 82 83 84 85 86 87 88 89 90 91 92 93 0
2 4
4 8
6 13
8 17
10 21
12 25
12 24
13 27
14 28
14 29
15 31
17 35
19 39
21 42
22 45
24 48
25 51
27 54
28 56
29 59
31 63
32 64
35 65
36 66
39 67
40 68
42 69
45 70
47 71
48 72
51 73
52 74
54 75
56 76
59 77
60 78
63 79
64 80
65 80
66 81
67 81
68 82
69 82
70 83
71 83
73 84
74 85
75 85
76 86
78 87
79 87
80 88
81 88
82 89
83 89
84 90
85 90
86 91
87 91
88 92
89 92
90 93
91 93
92 0
93 0