0 45 94 37 20 65 4 23 53 15 73 39 89 35 2 77 55 95 22 5 68 80 62 88 18 49 40 33 85 96 34 54 19 43 78 67 9 17 63 82 6 14 91 60 26 52 21 10 7 28 42 64 11 90 36 24 79 83 97 84 25
0 45
0 80
0 10
0 42
45 73
94 35
94 67
94 60
37 6
37 67
20 65
20 22
65 2
65 19
4 23
23 96
53 26
15 78
73 91
73 64
39 89
39 77
39 55
39 84
89 40
35 2
35 7
2 82
55 95
95 36
22 43
5 68
5 21
68 9
68 91
62 88
62 79
18 17
49 9
40 78
33 26
33 7
85 96
85 64
96 52
34 54
34 63
34 17
34 24
54 28
78 90
6 14
26 21
52 36
10 97
11 90
36 24
79 25
83 97
83 25